2018-03-21 14:38:31 [org.springframework.web.servlet.DispatcherServlet]-[INFO] FrameworkServlet 'SpringMVC': initialization started
2018-03-21 14:38:31 [org.springframework.web.context.support.XmlWebApplicationContext]-[INFO] Refreshing WebApplicationContext for namespace 'SpringMVC-servlet': startup date [Wed Mar 21 14:38:31 CST 2018]; parent: Root WebApplicationContext
2018-03-21 14:38:31 [org.springframework.beans.factory.xml.XmlBeanDefinitionReader]-[INFO] Loading XML bean definitions from class path resource [spring/springmvc.xml]
2018-03-21 14:38:32 [org.springframework.web.servlet.mvc.method.annotation.RequestMappingHandlerMapping]-[INFO] Mapped "{[/kt/demo/submit]}" onto public com.huan.HTed.system.dto.ResponseData cn.huan.kindergarten.controllers.DemoController.update(java.util.List<cn.huan.kindergarten.dto.Demo>,org.springframework.validation.BindingResult,javax.servlet.http.HttpServletRequest)
2018-03-21 14:38:32 [org.springframework.web.servlet.mvc.method.annotation.RequestMappingHandlerMapping]-[INFO] Mapped "{[/kt/demo/remove]}" onto public com.huan.HTed.system.dto.ResponseData cn.huan.kindergarten.controllers.DemoController.delete(javax.servlet.http.HttpServletRequest,java.util.List<cn.huan.kindergarten.dto.Demo>)
2018-03-21 14:38:32 [org.springframework.web.servlet.mvc.method.annotation.RequestMappingHandlerMapping]-[INFO] Mapped "{[/kt/demo/query]}" onto public com.huan.HTed.system.dto.ResponseData cn.huan.kindergarten.controllers.DemoController.query(cn.huan.kindergarten.dto.Demo,int,int,javax.servlet.http.HttpServletRequest)
2018-03-21 14:38:32 [org.springframework.web.servlet.mvc.method.annotation.RequestMappingHandlerMapping]-[INFO] Mapped "{[/demo/insert]}" onto public java.lang.String cn.huan.kindergarten.controllers.LinkController.insert()
2018-03-21 14:38:32 [org.springframework.web.servlet.mvc.method.annotation.RequestMappingHandlerMapping]-[INFO] Mapped "{[/generator/alltables],methods=[GET]}" onto public com.huan.HTed.system.dto.ResponseData com.huan.HTed.generator.controllers.HapGeneratorController.showTables()
2018-03-21 14:38:32 [org.springframework.web.servlet.mvc.method.annotation.RequestMappingHandlerMapping]-[INFO] Mapped "{[/generator/newtables]}" onto public int com.huan.HTed.generator.controllers.HapGeneratorController.generatorTables(com.huan.HTed.generator.dto.GeneratorInfo)
2018-03-21 14:38:32 [org.springframework.web.servlet.mvc.method.annotation.RequestMappingHandlerMapping]-[INFO] Mapped "{[/{folder1}/{name}.html]}" onto public org.springframework.web.servlet.ModelAndView com.huan.HTed.system.controllers.CommonController.renderFolder1View(java.lang.String,java.lang.String,org.springframework.ui.Model)
2018-03-21 14:38:32 [org.springframework.web.servlet.mvc.method.annotation.RequestMappingHandlerMapping]-[INFO] Mapped "{[/{folder1}/{folder2}/{folder3}/{name}.html]}" onto public org.springframework.web.servlet.ModelAndView com.huan.HTed.system.controllers.CommonController.renderFolder3View(java.lang.String,java.lang.String,java.lang.String,java.lang.String,org.springframework.ui.Model)
2018-03-21 14:38:32 [org.springframework.web.servlet.mvc.method.annotation.RequestMappingHandlerMapping]-[INFO] Mapped "{[/{folder1}/{folder2}/{folder3}/{folder4}/{name}.html]}" onto public org.springframework.web.servlet.ModelAndView com.huan.HTed.system.controllers.CommonController.renderFolder4View(java.lang.String,java.lang.String,java.lang.String,java.lang.String,java.lang.String,org.springframework.ui.Model)
2018-03-21 14:38:32 [org.springframework.web.servlet.mvc.method.annotation.RequestMappingHandlerMapping]-[INFO] Mapped "{[/{folder1}/{folder2}/{name}.html]}" onto public org.springframework.web.servlet.ModelAndView com.huan.HTed.system.controllers.CommonController.renderFolder2View(java.lang.String,java.lang.String,java.lang.String,org.springframework.ui.Model)
2018-03-21 14:38:32 [org.springframework.web.servlet.mvc.method.annotation.RequestMappingHandlerMapping]-[INFO] Mapped "{[/{name}.html]}" onto public org.springframework.web.servlet.ModelAndView com.huan.HTed.system.controllers.CommonController.renderView(java.lang.String,org.springframework.ui.Model)
2018-03-21 14:38:32 [org.hibernate.validator.internal.util.Version]-[INFO] HV000001: Hibernate Validator 5.2.4.Final
2018-03-21 14:38:32 [org.springframework.web.servlet.mvc.method.annotation.RequestMappingHandlerAdapter]-[INFO] Looking for @ControllerAdvice: WebApplicationContext for namespace 'SpringMVC-servlet': startup date [Wed Mar 21 14:38:31 CST 2018]; parent: Root WebApplicationContext
2018-03-21 14:38:32 [org.springframework.web.servlet.mvc.method.annotation.RequestMappingHandlerAdapter]-[INFO] Looking for @ControllerAdvice: WebApplicationContext for namespace 'SpringMVC-servlet': startup date [Wed Mar 21 14:38:31 CST 2018]; parent: Root WebApplicationContext
2018-03-21 14:38:32 [org.springframework.web.servlet.handler.SimpleUrlHandlerMapping]-[INFO] Mapped URL path [/lib/**] onto handler 'org.springframework.web.servlet.resource.ResourceHttpRequestHandler#0'
2018-03-21 14:38:32 [org.springframework.web.servlet.handler.SimpleUrlHandlerMapping]-[INFO] Mapped URL path [/resources/**] onto handler 'org.springframework.web.servlet.resource.ResourceHttpRequestHandler#1'
2018-03-21 14:38:33 [org.springframework.web.servlet.view.freemarker.FreeMarkerConfigurer]-[INFO] ClassTemplateLoader for Spring macros added to FreeMarker configuration
2018-03-21 14:38:33 [org.springframework.web.servlet.DispatcherServlet]-[INFO] FrameworkServlet 'SpringMVC': initialization completed in 1522 ms
2018-03-21 14:40:36 [org.springframework.web.servlet.DispatcherServlet]-[INFO] FrameworkServlet 'SpringMVC': initialization started
2018-03-21 14:40:36 [org.springframework.web.context.support.XmlWebApplicationContext]-[INFO] Refreshing WebApplicationContext for namespace 'SpringMVC-servlet': startup date [Wed Mar 21 14:40:36 CST 2018]; parent: Root WebApplicationContext
2018-03-21 14:40:36 [org.springframework.beans.factory.xml.XmlBeanDefinitionReader]-[INFO] Loading XML bean definitions from class path resource [spring/springmvc.xml]
2018-03-21 14:40:37 [org.springframework.web.servlet.mvc.method.annotation.RequestMappingHandlerMapping]-[INFO] Mapped "{[/kt/demo/submit]}" onto public com.huan.HTed.system.dto.ResponseData cn.huan.kindergarten.controllers.DemoController.update(java.util.List<cn.huan.kindergarten.dto.Demo>,org.springframework.validation.BindingResult,javax.servlet.http.HttpServletRequest)
2018-03-21 14:40:37 [org.springframework.web.servlet.mvc.method.annotation.RequestMappingHandlerMapping]-[INFO] Mapped "{[/kt/demo/remove]}" onto public com.huan.HTed.system.dto.ResponseData cn.huan.kindergarten.controllers.DemoController.delete(javax.servlet.http.HttpServletRequest,java.util.List<cn.huan.kindergarten.dto.Demo>)
2018-03-21 14:40:37 [org.springframework.web.servlet.mvc.method.annotation.RequestMappingHandlerMapping]-[INFO] Mapped "{[/kt/demo/query]}" onto public com.huan.HTed.system.dto.ResponseData cn.huan.kindergarten.controllers.DemoController.query(cn.huan.kindergarten.dto.Demo,int,int,javax.servlet.http.HttpServletRequest)
2018-03-21 14:40:37 [org.springframework.web.servlet.mvc.method.annotation.RequestMappingHandlerMapping]-[INFO] Mapped "{[/demo/insert]}" onto public java.lang.String cn.huan.kindergarten.controllers.LinkController.insert()
2018-03-21 14:40:37 [org.springframework.web.servlet.mvc.method.annotation.RequestMappingHandlerMapping]-[INFO] Mapped "{[/generator/alltables],methods=[GET]}" onto public com.huan.HTed.system.dto.ResponseData com.huan.HTed.generator.controllers.HapGeneratorController.showTables()
2018-03-21 14:40:37 [org.springframework.web.servlet.mvc.method.annotation.RequestMappingHandlerMapping]-[INFO] Mapped "{[/generator/newtables]}" onto public int com.huan.HTed.generator.controllers.HapGeneratorController.generatorTables(com.huan.HTed.generator.dto.GeneratorInfo)
2018-03-21 14:40:37 [org.springframework.web.servlet.mvc.method.annotation.RequestMappingHandlerMapping]-[INFO] Mapped "{[/{name}.html]}" onto public org.springframework.web.servlet.ModelAndView com.huan.HTed.system.controllers.CommonController.renderView(java.lang.String,org.springframework.ui.Model)
2018-03-21 14:40:37 [org.springframework.web.servlet.mvc.method.annotation.RequestMappingHandlerMapping]-[INFO] Mapped "{[/{folder1}/{name}.html]}" onto public org.springframework.web.servlet.ModelAndView com.huan.HTed.system.controllers.CommonController.renderFolder1View(java.lang.String,java.lang.String,org.springframework.ui.Model)
2018-03-21 14:40:37 [org.springframework.web.servlet.mvc.method.annotation.RequestMappingHandlerMapping]-[INFO] Mapped "{[/{folder1}/{folder2}/{folder3}/{folder4}/{name}.html]}" onto public org.springframework.web.servlet.ModelAndView com.huan.HTed.system.controllers.CommonController.renderFolder4View(java.lang.String,java.lang.String,java.lang.String,java.lang.String,java.lang.String,org.springframework.ui.Model)
2018-03-21 14:40:37 [org.springframework.web.servlet.mvc.method.annotation.RequestMappingHandlerMapping]-[INFO] Mapped "{[/{folder1}/{folder2}/{folder3}/{name}.html]}" onto public org.springframework.web.servlet.ModelAndView com.huan.HTed.system.controllers.CommonController.renderFolder3View(java.lang.String,java.lang.String,java.lang.String,java.lang.String,org.springframework.ui.Model)
2018-03-21 14:40:37 [org.springframework.web.servlet.mvc.method.annotation.RequestMappingHandlerMapping]-[INFO] Mapped "{[/{folder1}/{folder2}/{name}.html]}" onto public org.springframework.web.servlet.ModelAndView com.huan.HTed.system.controllers.CommonController.renderFolder2View(java.lang.String,java.lang.String,java.lang.String,org.springframework.ui.Model)
2018-03-21 14:40:37 [org.hibernate.validator.internal.util.Version]-[INFO] HV000001: Hibernate Validator 5.2.4.Final
2018-03-21 14:40:37 [org.springframework.web.servlet.mvc.method.annotation.RequestMappingHandlerAdapter]-[INFO] Looking for @ControllerAdvice: WebApplicationContext for namespace 'SpringMVC-servlet': startup date [Wed Mar 21 14:40:36 CST 2018]; parent: Root WebApplicationContext
2018-03-21 14:40:37 [org.springframework.web.servlet.mvc.method.annotation.RequestMappingHandlerAdapter]-[INFO] Looking for @ControllerAdvice: WebApplicationContext for namespace 'SpringMVC-servlet': startup date [Wed Mar 21 14:40:36 CST 2018]; parent: Root WebApplicationContext
2018-03-21 14:40:37 [org.springframework.web.servlet.handler.SimpleUrlHandlerMapping]-[INFO] Mapped URL path [/lib/**] onto handler 'org.springframework.web.servlet.resource.ResourceHttpRequestHandler#0'
2018-03-21 14:40:37 [org.springframework.web.servlet.handler.SimpleUrlHandlerMapping]-[INFO] Mapped URL path [/resources/**] onto handler 'org.springframework.web.servlet.resource.ResourceHttpRequestHandler#1'
2018-03-21 14:40:38 [org.springframework.web.servlet.view.freemarker.FreeMarkerConfigurer]-[INFO] ClassTemplateLoader for Spring macros added to FreeMarker configuration
2018-03-21 14:40:38 [org.springframework.web.servlet.DispatcherServlet]-[INFO] FrameworkServlet 'SpringMVC': initialization completed in 1553 ms
2018-03-21 14:43:03 [org.springframework.web.servlet.DispatcherServlet]-[INFO] FrameworkServlet 'SpringMVC': initialization started
2018-03-21 14:43:03 [org.springframework.web.context.support.XmlWebApplicationContext]-[INFO] Refreshing WebApplicationContext for namespace 'SpringMVC-servlet': startup date [Wed Mar 21 14:43:03 CST 2018]; parent: Root WebApplicationContext
2018-03-21 14:43:03 [org.springframework.beans.factory.xml.XmlBeanDefinitionReader]-[INFO] Loading XML bean definitions from class path resource [spring/springmvc.xml]
2018-03-21 14:43:03 [org.springframework.web.servlet.mvc.method.annotation.RequestMappingHandlerMapping]-[INFO] Mapped "{[/kt/demo/submit]}" onto public com.huan.HTed.system.dto.ResponseData cn.huan.kindergarten.controllers.DemoController.update(java.util.List<cn.huan.kindergarten.dto.Demo>,org.springframework.validation.BindingResult,javax.servlet.http.HttpServletRequest)
2018-03-21 14:43:03 [org.springframework.web.servlet.mvc.method.annotation.RequestMappingHandlerMapping]-[INFO] Mapped "{[/kt/demo/remove]}" onto public com.huan.HTed.system.dto.ResponseData cn.huan.kindergarten.controllers.DemoController.delete(javax.servlet.http.HttpServletRequest,java.util.List<cn.huan.kindergarten.dto.Demo>)
2018-03-21 14:43:03 [org.springframework.web.servlet.mvc.method.annotation.RequestMappingHandlerMapping]-[INFO] Mapped "{[/kt/demo/query]}" onto public com.huan.HTed.system.dto.ResponseData cn.huan.kindergarten.controllers.DemoController.query(cn.huan.kindergarten.dto.Demo,int,int,javax.servlet.http.HttpServletRequest)
2018-03-21 14:43:03 [org.springframework.web.servlet.mvc.method.annotation.RequestMappingHandlerMapping]-[INFO] Mapped "{[/demo/insert]}" onto public java.lang.String cn.huan.kindergarten.controllers.LinkController.insert()
2018-03-21 14:43:03 [org.springframework.web.servlet.mvc.method.annotation.RequestMappingHandlerMapping]-[INFO] Mapped "{[/generator/alltables],methods=[GET]}" onto public com.huan.HTed.system.dto.ResponseData com.huan.HTed.generator.controllers.HapGeneratorController.showTables()
2018-03-21 14:43:03 [org.springframework.web.servlet.mvc.method.annotation.RequestMappingHandlerMapping]-[INFO] Mapped "{[/generator/newtables]}" onto public int com.huan.HTed.generator.controllers.HapGeneratorController.generatorTables(com.huan.HTed.generator.dto.GeneratorInfo)
2018-03-21 14:43:03 [org.springframework.web.servlet.mvc.method.annotation.RequestMappingHandlerMapping]-[INFO] Mapped "{[/{name}.html]}" onto public org.springframework.web.servlet.ModelAndView com.huan.HTed.system.controllers.CommonController.renderView(java.lang.String,org.springframework.ui.Model)
2018-03-21 14:43:03 [org.springframework.web.servlet.mvc.method.annotation.RequestMappingHandlerMapping]-[INFO] Mapped "{[/{folder1}/{folder2}/{folder3}/{name}.html]}" onto public org.springframework.web.servlet.ModelAndView com.huan.HTed.system.controllers.CommonController.renderFolder3View(java.lang.String,java.lang.String,java.lang.String,java.lang.String,org.springframework.ui.Model)
2018-03-21 14:43:03 [org.springframework.web.servlet.mvc.method.annotation.RequestMappingHandlerMapping]-[INFO] Mapped "{[/{folder1}/{folder2}/{folder3}/{folder4}/{name}.html]}" onto public org.springframework.web.servlet.ModelAndView com.huan.HTed.system.controllers.CommonController.renderFolder4View(java.lang.String,java.lang.String,java.lang.String,java.lang.String,java.lang.String,org.springframework.ui.Model)
2018-03-21 14:43:03 [org.springframework.web.servlet.mvc.method.annotation.RequestMappingHandlerMapping]-[INFO] Mapped "{[/{folder1}/{name}.html]}" onto public org.springframework.web.servlet.ModelAndView com.huan.HTed.system.controllers.CommonController.renderFolder1View(java.lang.String,java.lang.String,org.springframework.ui.Model)
2018-03-21 14:43:03 [org.springframework.web.servlet.mvc.method.annotation.RequestMappingHandlerMapping]-[INFO] Mapped "{[/{folder1}/{folder2}/{name}.html]}" onto public org.springframework.web.servlet.ModelAndView com.huan.HTed.system.controllers.CommonController.renderFolder2View(java.lang.String,java.lang.String,java.lang.String,org.springframework.ui.Model)
2018-03-21 14:43:03 [org.hibernate.validator.internal.util.Version]-[INFO] HV000001: Hibernate Validator 5.2.4.Final
2018-03-21 14:43:04 [org.springframework.web.servlet.mvc.method.annotation.RequestMappingHandlerAdapter]-[INFO] Looking for @ControllerAdvice: WebApplicationContext for namespace 'SpringMVC-servlet': startup date [Wed Mar 21 14:43:03 CST 2018]; parent: Root WebApplicationContext
2018-03-21 14:43:04 [org.springframework.web.servlet.mvc.method.annotation.RequestMappingHandlerAdapter]-[INFO] Looking for @ControllerAdvice: WebApplicationContext for namespace 'SpringMVC-servlet': startup date [Wed Mar 21 14:43:03 CST 2018]; parent: Root WebApplicationContext
2018-03-21 14:43:04 [org.springframework.web.servlet.handler.SimpleUrlHandlerMapping]-[INFO] Mapped URL path [/lib/**] onto handler 'org.springframework.web.servlet.resource.ResourceHttpRequestHandler#0'
2018-03-21 14:43:04 [org.springframework.web.servlet.handler.SimpleUrlHandlerMapping]-[INFO] Mapped URL path [/resources/**] onto handler 'org.springframework.web.servlet.resource.ResourceHttpRequestHandler#1'
2018-03-21 14:43:04 [org.springframework.web.servlet.view.freemarker.FreeMarkerConfigurer]-[INFO] ClassTemplateLoader for Spring macros added to FreeMarker configuration
2018-03-21 14:43:04 [org.springframework.web.servlet.DispatcherServlet]-[INFO] FrameworkServlet 'SpringMVC': initialization completed in 1590 ms
2018-03-21 14:43:10 [org.springframework.beans.factory.xml.XmlBeanDefinitionReader]-[INFO] Loading XML bean definitions from class path resource [org/springframework/jdbc/support/sql-error-codes.xml]
2018-03-21 14:43:10 [org.springframework.jdbc.support.SQLErrorCodesFactory]-[INFO] SQLErrorCodes loaded: [DB2, Derby, H2, HSQL, Informix, MS-SQL, MySQL, Oracle, PostgreSQL, Sybase, Hana]
2018-03-21 14:45:01 [org.springframework.web.servlet.DispatcherServlet]-[INFO] FrameworkServlet 'SpringMVC': initialization started
2018-03-21 14:45:01 [org.springframework.web.context.support.XmlWebApplicationContext]-[INFO] Refreshing WebApplicationContext for namespace 'SpringMVC-servlet': startup date [Wed Mar 21 14:45:01 CST 2018]; parent: Root WebApplicationContext
2018-03-21 14:45:01 [org.springframework.beans.factory.xml.XmlBeanDefinitionReader]-[INFO] Loading XML bean definitions from class path resource [spring/springmvc.xml]
2018-03-21 14:55:05 [org.springframework.web.servlet.DispatcherServlet]-[INFO] FrameworkServlet 'SpringMVC': initialization started
2018-03-21 14:55:05 [org.springframework.web.context.support.XmlWebApplicationContext]-[INFO] Refreshing WebApplicationContext for namespace 'SpringMVC-servlet': startup date [Wed Mar 21 14:55:05 CST 2018]; parent: Root WebApplicationContext
2018-03-21 14:55:05 [org.springframework.beans.factory.xml.XmlBeanDefinitionReader]-[INFO] Loading XML bean definitions from class path resource [spring/springmvc.xml]
2018-03-21 14:55:06 [org.springframework.web.servlet.mvc.method.annotation.RequestMappingHandlerMapping]-[INFO] Mapped "{[/kt/demo/submit]}" onto public com.huan.HTed.system.dto.ResponseData cn.huan.kindergarten.controllers.DemoController.update(java.util.List<cn.huan.kindergarten.dto.Demo>,org.springframework.validation.BindingResult,javax.servlet.http.HttpServletRequest)
2018-03-21 14:55:06 [org.springframework.web.servlet.mvc.method.annotation.RequestMappingHandlerMapping]-[INFO] Mapped "{[/kt/demo/remove]}" onto public com.huan.HTed.system.dto.ResponseData cn.huan.kindergarten.controllers.DemoController.delete(javax.servlet.http.HttpServletRequest,java.util.List<cn.huan.kindergarten.dto.Demo>)
2018-03-21 14:55:06 [org.springframework.web.servlet.mvc.method.annotation.RequestMappingHandlerMapping]-[INFO] Mapped "{[/kt/demo/query]}" onto public com.huan.HTed.system.dto.ResponseData cn.huan.kindergarten.controllers.DemoController.query(cn.huan.kindergarten.dto.Demo,int,int,javax.servlet.http.HttpServletRequest)
2018-03-21 14:55:06 [org.springframework.web.servlet.mvc.method.annotation.RequestMappingHandlerMapping]-[INFO] Mapped "{[/demo/insert]}" onto public java.lang.String cn.huan.kindergarten.controllers.LinkController.insert()
2018-03-21 14:55:06 [org.springframework.web.servlet.mvc.method.annotation.RequestMappingHandlerMapping]-[INFO] Mapped "{[/generator/alltables],methods=[GET]}" onto public com.huan.HTed.system.dto.ResponseData com.huan.HTed.generator.controllers.HapGeneratorController.showTables()
2018-03-21 14:55:06 [org.springframework.web.servlet.mvc.method.annotation.RequestMappingHandlerMapping]-[INFO] Mapped "{[/generator/newtables]}" onto public int com.huan.HTed.generator.controllers.HapGeneratorController.generatorTables(com.huan.HTed.generator.dto.GeneratorInfo)
2018-03-21 14:55:06 [org.springframework.web.servlet.mvc.method.annotation.RequestMappingHandlerMapping]-[INFO] Mapped "{[/{name}.html]}" onto public org.springframework.web.servlet.ModelAndView com.huan.HTed.system.controllers.CommonController.renderView(java.lang.String,org.springframework.ui.Model)
2018-03-21 14:55:06 [org.springframework.web.servlet.mvc.method.annotation.RequestMappingHandlerMapping]-[INFO] Mapped "{[/{folder1}/{folder2}/{name}.html]}" onto public org.springframework.web.servlet.ModelAndView com.huan.HTed.system.controllers.CommonController.renderFolder2View(java.lang.String,java.lang.String,java.lang.String,org.springframework.ui.Model)
2018-03-21 14:55:06 [org.springframework.web.servlet.mvc.method.annotation.RequestMappingHandlerMapping]-[INFO] Mapped "{[/{folder1}/{folder2}/{folder3}/{folder4}/{name}.html]}" onto public org.springframework.web.servlet.ModelAndView com.huan.HTed.system.controllers.CommonController.renderFolder4View(java.lang.String,java.lang.String,java.lang.String,java.lang.String,java.lang.String,org.springframework.ui.Model)
2018-03-21 14:55:06 [org.springframework.web.servlet.mvc.method.annotation.RequestMappingHandlerMapping]-[INFO] Mapped "{[/{folder1}/{folder2}/{folder3}/{name}.html]}" onto public org.springframework.web.servlet.ModelAndView com.huan.HTed.system.controllers.CommonController.renderFolder3View(java.lang.String,java.lang.String,java.lang.String,java.lang.String,org.springframework.ui.Model)
2018-03-21 14:55:06 [org.springframework.web.servlet.mvc.method.annotation.RequestMappingHandlerMapping]-[INFO] Mapped "{[/{folder1}/{name}.html]}" onto public org.springframework.web.servlet.ModelAndView com.huan.HTed.system.controllers.CommonController.renderFolder1View(java.lang.String,java.lang.String,org.springframework.ui.Model)
2018-03-21 14:55:06 [org.hibernate.validator.internal.util.Version]-[INFO] HV000001: Hibernate Validator 5.2.4.Final
2018-03-21 14:55:06 [org.springframework.web.servlet.mvc.method.annotation.RequestMappingHandlerAdapter]-[INFO] Looking for @ControllerAdvice: WebApplicationContext for namespace 'SpringMVC-servlet': startup date [Wed Mar 21 14:55:05 CST 2018]; parent: Root WebApplicationContext
2018-03-21 14:55:06 [org.springframework.web.servlet.mvc.method.annotation.RequestMappingHandlerAdapter]-[INFO] Looking for @ControllerAdvice: WebApplicationContext for namespace 'SpringMVC-servlet': startup date [Wed Mar 21 14:55:05 CST 2018]; parent: Root WebApplicationContext
2018-03-21 14:55:06 [org.springframework.web.servlet.handler.SimpleUrlHandlerMapping]-[INFO] Mapped URL path [/lib/**] onto handler 'org.springframework.web.servlet.resource.ResourceHttpRequestHandler#0'
2018-03-21 14:55:06 [org.springframework.web.servlet.handler.SimpleUrlHandlerMapping]-[INFO] Mapped URL path [/resources/**] onto handler 'org.springframework.web.servlet.resource.ResourceHttpRequestHandler#1'
2018-03-21 14:55:06 [org.springframework.web.servlet.view.freemarker.FreeMarkerConfigurer]-[INFO] ClassTemplateLoader for Spring macros added to FreeMarker configuration
2018-03-21 14:55:07 [org.springframework.web.servlet.DispatcherServlet]-[INFO] FrameworkServlet 'SpringMVC': initialization completed in 1723 ms
